2023-03-22T18:38:38+00:00 CRITICAL Uncaught Exception:  subcript_period parameter must be integer in SwpmUtils::calculate_subscription_period_days method in C:\Users\ValVKo\Local Sites\hamburg-area-arts-alliance\app\public\wp-content\plugins\simple-membership\classes\class.swpm-utils.php:59
Stack trace:
#0 C:\Users\ValVKo\Local Sites\hamburg-area-arts-alliance\app\public\wp-content\plugins\simple-membership\classes\class.swpm-utils.php(82): SwpmUtils::calculate_subscription_period_days('', '')
#1 C:\Users\ValVKo\Local Sites\hamburg-area-arts-alliance\app\public\wp-content\plugins\simple-membership\classes\class.swpm-cronjob.php(30): SwpmUtils::get_expiration_timestamp(Object(stdClass))
#2 C:\Users\ValVKo\Local Sites\hamburg-area-arts-alliance\app\public\wp-includes\class-wp-hook.php(308): SwpmCronJob->update_account_status()
#3 C:\Users\ValVKo\Local Sites\hamburg-area-arts-alliance\app\public\wp-includes\class-wp-hook.php(332): WP_Hook->apply_filters('', Array)
#4 C:\Users\ValVKo\Local Sites\hamburg-area-arts-alliance\app\public\wp-includes\plugin.php(565): WP_Hook->do_action(Array)
#5 C:\Users\ValVKo\Local Sites\hamburg-area-arts-alliance\app\public\wp-cron.php(188): do_action_ref_array('swpm_account_st...', Array)
#6 {main}
  thrown in C:\Users\ValVKo\Local Sites\hamburg-area-arts-alliance\app\public\wp-content\plugins\simple-membership\classes\class.swpm-utils.php on line 59

2023-03-22T18:38:39+00:00 CRITICAL Uncaught Exception:  subcript_period parameter must be integer in SwpmUtils::calculate_subscription_period_days method in C:\Users\ValVKo\Local Sites\hamburg-area-arts-alliance\app\public\wp-content\plugins\simple-membership\classes\class.swpm-utils.php:59
Stack trace:
#0 C:\Users\ValVKo\Local Sites\hamburg-area-arts-alliance\app\public\wp-content\plugins\simple-membership\classes\class.swpm-utils.php(82): SwpmUtils::calculate_subscription_period_days('', '')
#1 C:\Users\ValVKo\Local Sites\hamburg-area-arts-alliance\app\public\wp-content\plugins\simple-membership\classes\class.swpm-cronjob.php(30): SwpmUtils::get_expiration_timestamp(Object(stdClass))
#2 C:\Users\ValVKo\Local Sites\hamburg-area-arts-alliance\app\public\wp-includes\class-wp-hook.php(308): SwpmCronJob->update_account_status()
#3 C:\Users\ValVKo\Local Sites\hamburg-area-arts-alliance\app\public\wp-includes\class-wp-hook.php(332): WP_Hook->apply_filters('', Array)
#4 C:\Users\ValVKo\Local Sites\hamburg-area-arts-alliance\app\public\wp-includes\plugin.php(565): WP_Hook->do_action(Array)
#5 C:\Users\ValVKo\Local Sites\hamburg-area-arts-alliance\app\public\wp-cron.php(188): do_action_ref_array('swpm_account_st...', Array)
#6 {main}
  thrown in C:\Users\ValVKo\Local Sites\hamburg-area-arts-alliance\app\public\wp-content\plugins\simple-membership\classes\class.swpm-utils.php on line 59

2023-03-22T19:49:33+00:00 CRITICAL Uncaught TypeError: call_user_func(): Argument #1 ($callback) must be a valid callback, function "designer_artist_Customize_partial_blogname" not found or invalid function name in C:\Users\ValVKo\Local Sites\hamburg-area-arts-alliance\app\public\wp-includes\customize\class-wp-customize-partial.php:222
Stack trace:
#0 C:\Users\ValVKo\Local Sites\hamburg-area-arts-alliance\app\public\wp-includes\customize\class-wp-customize-selective-refresh.php(372): WP_Customize_Partial->render(Array)
#1 C:\Users\ValVKo\Local Sites\hamburg-area-arts-alliance\app\public\wp-includes\class-wp-hook.php(308): WP_Customize_Selective_Refresh->handle_render_partials_request('')
#2 C:\Users\ValVKo\Local Sites\hamburg-area-arts-alliance\app\public\wp-includes\class-wp-hook.php(332): WP_Hook->apply_filters(NULL, Array)
#3 C:\Users\ValVKo\Local Sites\hamburg-area-arts-alliance\app\public\wp-includes\plugin.php(517): WP_Hook->do_action(Array)
#4 C:\Users\ValVKo\Local Sites\hamburg-area-arts-alliance\app\public\wp-includes\template-loader.php(13): do_action('template_redire...')
#5 C:\Users\ValVKo\Local Sites\hamburg-area-arts-alliance\app\public\wp-blog-header.php(19): require_once('C:\\Users\\ValVKo...')
#6 C:\Users\ValVKo\Local Sites\hamburg-area-arts-alliance\app\public\index.php(17): require('C:\\Users\\ValVKo...')
#7 {main}
  thrown in C:\Users\ValVKo\Local Sites\hamburg-area-arts-alliance\app\public\wp-includes\customize\class-wp-customize-partial.php on line 222

